2018-04-12 00:22:09.047  INFO 18972 --- [main] com.woneway.Springproject1Application    : Starting Springproject1Application on LAPTOP-LQ4MR0HU with PID 18972 (F:\HoopFather\target\classes started by lenovo in F:\HoopFather)
2018-04-12 00:22:09.052  INFO 18972 --- [main] com.woneway.Springproject1Application    : No active profile set, falling back to default profiles: default
2018-04-12 00:22:09.101  INFO 18972 --- [main] ConfigServletWebServerApplicationContext : Refreshing org.springframework.boot.web.servlet.context.AnnotationConfigServletWebServerApplicationContext@3eb738bb: startup date [Thu Apr 12 00:22:09 CST 2018]; root of context hierarchy
2018-04-12 00:22:10.175  INFO 18972 --- [main] o.s.b.w.embedded.tomcat.TomcatWebServer  : Tomcat initialized with port(s): 8080 (http)
2018-04-12 00:22:10.198  INFO 18972 --- [main] o.apache.catalina.core.StandardService   : Starting service [Tomcat]
2018-04-12 00:22:10.198  INFO 18972 --- [main] org.apache.catalina.core.StandardEngine  : Starting Servlet Engine: Apache Tomcat/8.5.28
2018-04-12 00:22:10.206  INFO 18972 --- [localhost-startStop-1] o.a.catalina.core.AprLifecycleListener   : The APR based Apache Tomcat Native library which allows optimal performance in production environments was not found on the java.library.path: [D:\Java\jre1.8.0_91\bin;C:\WINDOWS\Sun\Java\bin;C:\WINDOWS\system32;C:\WINDOWS;D:/Java/jre1.8.0_91/bin/server;D:/Java/jre1.8.0_91/bin;D:/Java/jre1.8.0_91/lib/amd64;C:\ProgramData\Oracle\Java\javapath;C:\Program Files (x86)\Intel\iCLS Client\;C:\Program Files\Intel\iCLS Client\;C:\Windows\system32;C:\Windows;C:\Windows\System32\Wbem;C:\Windows\System32\WindowsPowerShell\v1.0\;C:\Program Files (x86)\NVIDIA Corporation\PhysX\Common;C:\Program Files (x86)\Intel\Intel(R) Management Engine Components\DAL;C:\Program Files\Intel\Intel(R) Management Engine Components\DAL;C:\Program Files (x86)\Intel\Intel(R) Management Engine Components\IPT;C:\Program Files\Intel\Intel(R) Management Engine Components\IPT;"D:\Java\jdk1.8.0_91\bin;D:\Java\jdk1.8.0_91\jre;";E:\dev\apache-tomcat-8.0.33\bin;E:\Git\cmd;E:\nodejs\;C:\WINDOWS\system32;C:\WINDOWS;C:\WINDOWS\System32\Wbem;C:\WINDOWS\System32\WindowsPowerShell\v1.0\;E:\dev\mysql5.5.8\bin;C:\Users\lenovo\AppData\Local\Programs\Python\Python36\Scripts\;C:\Users\lenovo\AppData\Local\Programs\Python\Python36\;C:\Users\lenovo\AppData\Local\Microsoft\WindowsApps;C:\Users\lenovo\AppData\Roaming\npm;;E:\dev\eclipseMars;;.]
2018-04-12 00:22:10.295  INFO 18972 --- [localhost-startStop-1] o.a.c.c.C.[Tomcat].[localhost].[/]       : Initializing Spring embedded WebApplicationContext
2018-04-12 00:22:10.295  INFO 18972 --- [localhost-startStop-1] o.s.web.context.ContextLoader            : Root WebApplicationContext: initialization completed in 1194 ms
2018-04-12 00:22:10.433  INFO 18972 --- [localhost-startStop-1] o.s.b.w.servlet.ServletRegistrationBean  : Servlet dispatcherServlet mapped to [/]
2018-04-12 00:22:10.436  INFO 18972 --- [localhost-startStop-1] o.s.b.w.servlet.FilterRegistrationBean   : Mapping filter: 'characterEncodingFilter' to: [/*]
2018-04-12 00:22:10.437  INFO 18972 --- [localhost-startStop-1] o.s.b.w.servlet.FilterRegistrationBean   : Mapping filter: 'hiddenHttpMethodFilter' to: [/*]
2018-04-12 00:22:10.437  INFO 18972 --- [localhost-startStop-1] o.s.b.w.servlet.FilterRegistrationBean   : Mapping filter: 'httpPutFormContentFilter' to: [/*]
2018-04-12 00:22:10.437  INFO 18972 --- [localhost-startStop-1] o.s.b.w.servlet.FilterRegistrationBean   : Mapping filter: 'requestContextFilter' to: [/*]
2018-04-12 00:22:10.996  INFO 18972 --- [main] s.w.s.m.m.a.RequestMappingHandlerAdapter : Looking for @ControllerAdvice: org.springframework.boot.web.servlet.context.AnnotationConfigServletWebServerApplicationContext@3eb738bb: startup date [Thu Apr 12 00:22:09 CST 2018]; root of context hierarchy
2018-04-12 00:22:11.147  INFO 18972 --- [main] s.w.s.m.m.a.RequestMappingHandlerMapping : Mapped "{[/news]}" onto public java.lang.String com.woneway.controller.NewsController.newsList(org.springframework.ui.Model)
2018-04-12 00:22:11.150  INFO 18972 --- [main] s.w.s.m.m.a.RequestMappingHandlerMapping : Mapped "{[/news/{newsId}]}" onto public java.lang.String com.woneway.controller.NewsController.newsMore(java.lang.String,org.springframework.ui.Model)
2018-04-12 00:22:11.156  INFO 18972 --- [main] s.w.s.m.m.a.RequestMappingHandlerMapping : Mapped "{[/skill]}" onto public java.lang.String com.woneway.controller.SkillController.skillList(org.springframework.ui.Model)
2018-04-12 00:22:11.172  INFO 18972 --- [main] s.w.s.m.m.a.RequestMappingHandlerMapping : Mapped "{[/skill/{skillId}]}" onto public java.lang.String com.woneway.controller.SkillController.skillMore(java.lang.String,org.springframework.ui.Model)
2018-04-12 00:22:11.175  INFO 18972 --- [main] s.w.s.m.m.a.RequestMappingHandlerMapping : Mapped "{[/usr/doRegister]}" onto public com.woneway.result.ResultBody com.woneway.controller.UserController.register(com.woneway.domain.User,java.lang.String) throws javax.mail.MessagingException,com.woneway.exception.GlobalErrorInfoException
2018-04-12 00:22:11.175  INFO 18972 --- [main] s.w.s.m.m.a.RequestMappingHandlerMapping : Mapped "{[/usr/register]}" onto public java.lang.String com.woneway.controller.UserController.registerPage()
2018-04-12 00:22:11.176  INFO 18972 --- [main] s.w.s.m.m.a.RequestMappingHandlerMapping : Mapped "{[/usr/login]}" onto public java.lang.String com.woneway.controller.UserController.loginPage()
2018-04-12 00:22:11.176  INFO 18972 --- [main] s.w.s.m.m.a.RequestMappingHandlerMapping : Mapped "{[/usr/doLogin]}" onto public com.woneway.result.ResultBody com.woneway.controller.UserController.login(com.woneway.domain.User,javax.servlet.http.HttpSession) throws com.woneway.exception.GlobalErrorInfoException
2018-04-12 00:22:11.176  INFO 18972 --- [main] s.w.s.m.m.a.RequestMappingHandlerMapping : Mapped "{[/usr/userInfo]}" onto public java.lang.String com.woneway.controller.UserController.userInfoPage()
2018-04-12 00:22:11.176  INFO 18972 --- [main] s.w.s.m.m.a.RequestMappingHandlerMapping : Mapped "{[/usr/logout]}" onto public java.lang.String com.woneway.controller.UserController.logout(javax.servlet.http.HttpSession)
2018-04-12 00:22:11.177  INFO 18972 --- [main] s.w.s.m.m.a.RequestMappingHandlerMapping : Mapped "{[/usr/doAcitveUser]}" onto public java.lang.String com.woneway.controller.UserController.acitveUser(java.lang.String)
2018-04-12 00:22:11.180  INFO 18972 --- [main] s.w.s.m.m.a.RequestMappingHandlerMapping : Mapped "{[/error]}" onto public org.springframework.http.ResponseEntity<java.util.Map<java.lang.String, java.lang.Object>> org.springframework.boot.autoconfigure.web.servlet.error.BasicErrorController.error(javax.servlet.http.HttpServletRequest)
2018-04-12 00:22:11.181  INFO 18972 --- [main] s.w.s.m.m.a.RequestMappingHandlerMapping : Mapped "{[/error],produces=[text/html]}" onto public org.springframework.web.servlet.ModelAndView org.springframework.boot.autoconfigure.web.servlet.error.BasicErrorController.errorHtml(javax.servlet.http.HttpServletRequest,javax.servlet.http.HttpServletResponse)
2018-04-12 00:22:11.216  INFO 18972 --- [main] o.s.w.s.handler.SimpleUrlHandlerMapping  : Mapped URL path [/webjars/**] onto handler of type [class org.springframework.web.servlet.resource.ResourceHttpRequestHandler]
2018-04-12 00:22:11.216  INFO 18972 --- [main] o.s.w.s.handler.SimpleUrlHandlerMapping  : Mapped URL path [/**] onto handler of type [class org.springframework.web.servlet.resource.ResourceHttpRequestHandler]
2018-04-12 00:22:11.230  INFO 18972 --- [main] .m.m.a.ExceptionHandlerExceptionResolver : Detected @ExceptionHandler methods in globalErrorInfoHandler
2018-04-12 00:22:11.270  INFO 18972 --- [main] o.s.w.s.handler.SimpleUrlHandlerMapping  : Mapped URL path [/**/favicon.ico] onto handler of type [class org.springframework.web.servlet.resource.ResourceHttpRequestHandler]
2018-04-12 00:22:11.309  INFO 18972 --- [main] o.s.b.a.w.s.WelcomePageHandlerMapping    : Adding welcome page template: index
2018-04-12 00:22:11.437  INFO 18972 --- [main] o.s.w.s.v.f.FreeMarkerConfigurer         : ClassTemplateLoader for Spring macros added to FreeMarker configuration
2018-04-12 00:22:11.556  INFO 18972 --- [main] o.s.j.e.a.AnnotationMBeanExporter        : Registering beans for JMX exposure on startup
2018-04-12 00:22:11.557  INFO 18972 --- [main] o.s.j.e.a.AnnotationMBeanExporter        : Bean with name 'dataSource' has been autodetected for JMX exposure
2018-04-12 00:22:11.561  INFO 18972 --- [main] o.s.j.e.a.AnnotationMBeanExporter        : Located MBean 'dataSource': registering with JMX server as MBean [com.alibaba.druid.pool:name=dataSource,type=DruidDataSource]
2018-04-12 00:22:11.590  INFO 18972 --- [main] o.s.b.w.embedded.tomcat.TomcatWebServer  : Tomcat started on port(s): 8080 (http) with context path ''
2018-04-12 00:22:11.592  INFO 18972 --- [main] com.woneway.Springproject1Application    : Started Springproject1Application in 2.858 seconds (JVM running for 3.429)
2018-04-12 00:22:28.582  INFO 18972 --- [http-nio-8080-exec-1] o.a.c.c.C.[Tomcat].[localhost].[/]       : Initializing Spring FrameworkServlet 'dispatcherServlet'
2018-04-12 00:22:28.583  INFO 18972 --- [http-nio-8080-exec-1] o.s.web.servlet.DispatcherServlet        : FrameworkServlet 'dispatcherServlet': initialization started
2018-04-12 00:22:28.608  INFO 18972 --- [http-nio-8080-exec-1] o.s.web.servlet.DispatcherServlet        : FrameworkServlet 'dispatcherServlet': initialization completed in 25 ms
2018-04-12 00:22:50.580  INFO 18972 --- [http-nio-8080-exec-6] com.alibaba.druid.pool.DruidDataSource   : {dataSource-1} inited
2018-04-12 00:23:28.058  INFO 18972 --- [RMI TCP Connection(2)-127.0.0.1] inMXBeanRegistrar$SpringApplicationAdmin : Application shutdown requested.
2018-04-12 00:23:28.058  INFO 18972 --- [RMI TCP Connection(2)-127.0.0.1] ConfigServletWebServerApplicationContext : Closing org.springframework.boot.web.servlet.context.AnnotationConfigServletWebServerApplicationContext@3eb738bb: startup date [Thu Apr 12 00:22:09 CST 2018]; root of context hierarchy
2018-04-12 00:23:28.062  INFO 18972 --- [RMI TCP Connection(2)-127.0.0.1] o.s.j.e.a.AnnotationMBeanExporter        : Unregistering JMX-exposed beans on shutdown
2018-04-12 00:23:28.062  INFO 18972 --- [RMI TCP Connection(2)-127.0.0.1] o.s.j.e.a.AnnotationMBeanExporter        : Unregistering JMX-exposed beans
2018-04-12 00:23:28.067  INFO 18972 --- [RMI TCP Connection(2)-127.0.0.1] com.alibaba.druid.pool.DruidDataSource   : {dataSource-1} closed
2018-04-12 07:47:53.167  INFO 9224 --- [main] com.woneway.Springproject1Application    : Starting Springproject1Application on LAPTOP-LQ4MR0HU with PID 9224 (F:\HoopFather\target\classes started by lenovo in F:\HoopFather)
2018-04-12 07:47:53.170  INFO 9224 --- [main] com.woneway.Springproject1Application    : No active profile set, falling back to default profiles: default
2018-04-12 07:47:53.208  INFO 9224 --- [main] ConfigServletWebServerApplicationContext : Refreshing org.springframework.boot.web.servlet.context.AnnotationConfigServletWebServerApplicationContext@3eb738bb: startup date [Thu Apr 12 07:47:53 CST 2018]; root of context hierarchy
2018-04-12 07:47:54.364  INFO 9224 --- [main] o.s.b.w.embedded.tomcat.TomcatWebServer  : Tomcat initialized with port(s): 8080 (http)
2018-04-12 07:47:54.388  INFO 9224 --- [main] o.apache.catalina.core.StandardService   : Starting service [Tomcat]
2018-04-12 07:47:54.389  INFO 9224 --- [main] org.apache.catalina.core.StandardEngine  : Starting Servlet Engine: Apache Tomcat/8.5.28
2018-04-12 07:47:54.398  INFO 9224 --- [localhost-startStop-1] o.a.catalina.core.AprLifecycleListener   : The APR based Apache Tomcat Native library which allows optimal performance in production environments was not found on the java.library.path: [D:\Java\jre1.8.0_91\bin;C:\WINDOWS\Sun\Java\bin;C:\WINDOWS\system32;C:\WINDOWS;D:/Java/jre1.8.0_91/bin/server;D:/Java/jre1.8.0_91/bin;D:/Java/jre1.8.0_91/lib/amd64;C:\ProgramData\Oracle\Java\javapath;C:\Program Files (x86)\Intel\iCLS Client\;C:\Program Files\Intel\iCLS Client\;C:\Windows\system32;C:\Windows;C:\Windows\System32\Wbem;C:\Windows\System32\WindowsPowerShell\v1.0\;C:\Program Files (x86)\NVIDIA Corporation\PhysX\Common;C:\Program Files (x86)\Intel\Intel(R) Management Engine Components\DAL;C:\Program Files\Intel\Intel(R) Management Engine Components\DAL;C:\Program Files (x86)\Intel\Intel(R) Management Engine Components\IPT;C:\Program Files\Intel\Intel(R) Management Engine Components\IPT;"D:\Java\jdk1.8.0_91\bin;D:\Java\jdk1.8.0_91\jre;";E:\dev\apache-tomcat-8.0.33\bin;E:\Git\cmd;E:\nodejs\;C:\WINDOWS\system32;C:\WINDOWS;C:\WINDOWS\System32\Wbem;C:\WINDOWS\System32\WindowsPowerShell\v1.0\;E:\dev\mysql5.5.8\bin;C:\Users\lenovo\AppData\Local\Programs\Python\Python36\Scripts\;C:\Users\lenovo\AppData\Local\Programs\Python\Python36\;C:\Users\lenovo\AppData\Local\Microsoft\WindowsApps;C:\Users\lenovo\AppData\Roaming\npm;;E:\dev\eclipseMars;;.]
2018-04-12 07:47:54.492  INFO 9224 --- [localhost-startStop-1] o.a.c.c.C.[Tomcat].[localhost].[/]       : Initializing Spring embedded WebApplicationContext
2018-04-12 07:47:54.493  INFO 9224 --- [localhost-startStop-1] o.s.web.context.ContextLoader            : Root WebApplicationContext: initialization completed in 1286 ms
2018-04-12 07:47:54.645  INFO 9224 --- [localhost-startStop-1] o.s.b.w.servlet.ServletRegistrationBean  : Servlet dispatcherServlet mapped to [/]
2018-04-12 07:47:54.649  INFO 9224 --- [localhost-startStop-1] o.s.b.w.servlet.FilterRegistrationBean   : Mapping filter: 'characterEncodingFilter' to: [/*]
2018-04-12 07:47:54.649  INFO 9224 --- [localhost-startStop-1] o.s.b.w.servlet.FilterRegistrationBean   : Mapping filter: 'hiddenHttpMethodFilter' to: [/*]
2018-04-12 07:47:54.649  INFO 9224 --- [localhost-startStop-1] o.s.b.w.servlet.FilterRegistrationBean   : Mapping filter: 'httpPutFormContentFilter' to: [/*]
2018-04-12 07:47:54.649  INFO 9224 --- [localhost-startStop-1] o.s.b.w.servlet.FilterRegistrationBean   : Mapping filter: 'requestContextFilter' to: [/*]
2018-04-12 07:47:55.236  INFO 9224 --- [main] s.w.s.m.m.a.RequestMappingHandlerAdapter : Looking for @ControllerAdvice: org.springframework.boot.web.servlet.context.AnnotationConfigServletWebServerApplicationContext@3eb738bb: startup date [Thu Apr 12 07:47:53 CST 2018]; root of context hierarchy
2018-04-12 07:47:55.303  INFO 9224 --- [main] s.w.s.m.m.a.RequestMappingHandlerMapping : Mapped "{[/news]}" onto public java.lang.String com.woneway.controller.NewsController.newsList(org.springframework.ui.Model)
2018-04-12 07:47:55.304  INFO 9224 --- [main] s.w.s.m.m.a.RequestMappingHandlerMapping : Mapped "{[/news/{newsId}]}" onto public java.lang.String com.woneway.controller.NewsController.newsMore(java.lang.String,org.springframework.ui.Model)
2018-04-12 07:47:55.304  INFO 9224 --- [main] s.w.s.m.m.a.RequestMappingHandlerMapping : Mapped "{[/skill]}" onto public java.lang.String com.woneway.controller.SkillController.skillList(org.springframework.ui.Model)
2018-04-12 07:47:55.305  INFO 9224 --- [main] s.w.s.m.m.a.RequestMappingHandlerMapping : Mapped "{[/skill/{skillId}]}" onto public java.lang.String com.woneway.controller.SkillController.skillMore(java.lang.String,org.springframework.ui.Model)
2018-04-12 07:47:55.307  INFO 9224 --- [main] s.w.s.m.m.a.RequestMappingHandlerMapping : Mapped "{[/usr/doRegister]}" onto public com.woneway.result.ResultBody com.woneway.controller.UserController.register(com.woneway.domain.User,java.lang.String) throws javax.mail.MessagingException,com.woneway.exception.GlobalErrorInfoException
2018-04-12 07:47:55.307  INFO 9224 --- [main] s.w.s.m.m.a.RequestMappingHandlerMapping : Mapped "{[/usr/logout]}" onto public java.lang.String com.woneway.controller.UserController.logout(javax.servlet.http.HttpSession)
2018-04-12 07:47:55.307  INFO 9224 --- [main] s.w.s.m.m.a.RequestMappingHandlerMapping : Mapped "{[/usr/doLogin]}" onto public com.woneway.result.ResultBody com.woneway.controller.UserController.login(com.woneway.domain.User,javax.servlet.http.HttpSession) throws com.woneway.exception.GlobalErrorInfoException
2018-04-12 07:47:55.307  INFO 9224 --- [main] s.w.s.m.m.a.RequestMappingHandlerMapping : Mapped "{[/usr/login]}" onto public java.lang.String com.woneway.controller.UserController.loginPage()
2018-04-12 07:47:55.308  INFO 9224 --- [main] s.w.s.m.m.a.RequestMappingHandlerMapping : Mapped "{[/usr/register]}" onto public java.lang.String com.woneway.controller.UserController.registerPage()
2018-04-12 07:47:55.309  INFO 9224 --- [main] s.w.s.m.m.a.RequestMappingHandlerMapping : Mapped "{[/usr/doAcitveUser]}" onto public java.lang.String com.woneway.controller.UserController.acitveUser(java.lang.String)
2018-04-12 07:47:55.309  INFO 9224 --- [main] s.w.s.m.m.a.RequestMappingHandlerMapping : Mapped "{[/usr/userInfo]}" onto public java.lang.String com.woneway.controller.UserController.userInfoPage()
2018-04-12 07:47:55.312  INFO 9224 --- [main] s.w.s.m.m.a.RequestMappingHandlerMapping : Mapped "{[/error]}" onto public org.springframework.http.ResponseEntity<java.util.Map<java.lang.String, java.lang.Object>> org.springframework.boot.autoconfigure.web.servlet.error.BasicErrorController.error(javax.servlet.http.HttpServletRequest)
2018-04-12 07:47:55.313  INFO 9224 --- [main] s.w.s.m.m.a.RequestMappingHandlerMapping : Mapped "{[/error],produces=[text/html]}" onto public org.springframework.web.servlet.ModelAndView org.springframework.boot.autoconfigure.web.servlet.error.BasicErrorController.errorHtml(javax.servlet.http.HttpServletRequest,javax.servlet.http.HttpServletResponse)
2018-04-12 07:47:55.350  INFO 9224 --- [main] o.s.w.s.handler.SimpleUrlHandlerMapping  : Mapped URL path [/webjars/**] onto handler of type [class org.springframework.web.servlet.resource.ResourceHttpRequestHandler]
2018-04-12 07:47:55.350  INFO 9224 --- [main] o.s.w.s.handler.SimpleUrlHandlerMapping  : Mapped URL path [/**] onto handler of type [class org.springframework.web.servlet.resource.ResourceHttpRequestHandler]
2018-04-12 07:47:55.365  INFO 9224 --- [main] .m.m.a.ExceptionHandlerExceptionResolver : Detected @ExceptionHandler methods in globalErrorInfoHandler
2018-04-12 07:47:55.399  INFO 9224 --- [main] o.s.w.s.handler.SimpleUrlHandlerMapping  : Mapped URL path [/**/favicon.ico] onto handler of type [class org.springframework.web.servlet.resource.ResourceHttpRequestHandler]
2018-04-12 07:47:55.438  INFO 9224 --- [main] o.s.b.a.w.s.WelcomePageHandlerMapping    : Adding welcome page template: index
2018-04-12 07:47:55.562  INFO 9224 --- [main] o.s.w.s.v.f.FreeMarkerConfigurer         : ClassTemplateLoader for Spring macros added to FreeMarker configuration
2018-04-12 07:47:55.689  INFO 9224 --- [main] o.s.j.e.a.AnnotationMBeanExporter        : Registering beans for JMX exposure on startup
2018-04-12 07:47:55.690  INFO 9224 --- [main] o.s.j.e.a.AnnotationMBeanExporter        : Bean with name 'dataSource' has been autodetected for JMX exposure
2018-04-12 07:47:55.694  INFO 9224 --- [main] o.s.j.e.a.AnnotationMBeanExporter        : Located MBean 'dataSource': registering with JMX server as MBean [com.alibaba.druid.pool:name=dataSource,type=DruidDataSource]
2018-04-12 07:47:55.721  INFO 9224 --- [main] o.s.b.w.embedded.tomcat.TomcatWebServer  : Tomcat started on port(s): 8080 (http) with context path ''
2018-04-12 07:47:55.724  INFO 9224 --- [main] com.woneway.Springproject1Application    : Started Springproject1Application in 2.872 seconds (JVM running for 3.379)
2018-04-12 07:48:25.025  INFO 9224 --- [http-nio-8080-exec-1] o.a.c.c.C.[Tomcat].[localhost].[/]       : Initializing Spring FrameworkServlet 'dispatcherServlet'
2018-04-12 07:48:25.025  INFO 9224 --- [http-nio-8080-exec-1] o.s.web.servlet.DispatcherServlet        : FrameworkServlet 'dispatcherServlet': initialization started
2018-04-12 07:48:25.050  INFO 9224 --- [http-nio-8080-exec-1] o.s.web.servlet.DispatcherServlet        : FrameworkServlet 'dispatcherServlet': initialization completed in 25 ms
2018-04-12 07:48:59.937  INFO 9224 --- [http-nio-8080-exec-6] com.alibaba.druid.pool.DruidDataSource   : {dataSource-1} inited
2018-04-12 07:50:53.481  INFO 9224 --- [RMI TCP Connection(2)-127.0.0.1] inMXBeanRegistrar$SpringApplicationAdmin : Application shutdown requested.
2018-04-12 07:50:53.482  INFO 9224 --- [RMI TCP Connection(2)-127.0.0.1] ConfigServletWebServerApplicationContext : Closing org.springframework.boot.web.servlet.context.AnnotationConfigServletWebServerApplicationContext@3eb738bb: startup date [Thu Apr 12 07:47:53 CST 2018]; root of context hierarchy
2018-04-12 07:50:53.484  INFO 9224 --- [RMI TCP Connection(2)-127.0.0.1] o.s.j.e.a.AnnotationMBeanExporter        : Unregistering JMX-exposed beans on shutdown
2018-04-12 07:50:53.485  INFO 9224 --- [RMI TCP Connection(2)-127.0.0.1] o.s.j.e.a.AnnotationMBeanExporter        : Unregistering JMX-exposed beans
2018-04-12 07:50:53.488  INFO 9224 --- [RMI TCP Connection(2)-127.0.0.1] com.alibaba.druid.pool.DruidDataSource   : {dataSource-1} closed
